---- AspectJ Properties ---
AspectJ Compiler 1.9.22.1 built on Friday May 10, 2024 at 23:23:16 PDT
---- Dump Properties ---
Dump file: ajcore.20250129.185159.864.txt
Dump reason: org.aspectj.weaver.BCException
Dump on exception: true
Dump at exit condition: abort
---- Exception Information ---
org.aspectj.weaver.BCException: Error processing class file
when weaving type page.ContactPage
when weaving classes 
when weaving 

	at org.aspectj.weaver.bcel.LazyClassGen.getJavaClassBytesIncludingReweavable(LazyClassGen.java:769)
	at org.aspectj.weaver.bcel.BcelWeaver.getClassFilesFor(BcelWeaver.java:1456)
	at org.aspectj.weaver.bcel.BcelWeaver.weaveAndNotify(BcelWeaver.java:1418)
	at org.aspectj.weaver.bcel.BcelWeaver.weave(BcelWeaver.java:1189)
	at org.aspectj.weaver.tools.WeavingAdaptor.getWovenBytes(WeavingAdaptor.java:574)
	at org.aspectj.weaver.tools.WeavingAdaptor.weaveClass(WeavingAdaptor.java:398)
	at org.aspectj.weaver.loadtime.Aj.preProcess(Aj.java:122)
	at org.aspectj.weaver.loadtime.ClassPreProcessorAgentAdapter.transform(ClassPreProcessorAgentAdapter.java:51)
	at java.instrument/java.lang.instrument.ClassFileTransformer.transform(ClassFileTransformer.java:242)
	at java.instrument/sun.instrument.TransformerManager.transform(TransformerManager.java:188)
	at java.instrument/sun.instrument.InstrumentationImpl.transform(InstrumentationImpl.java:610)
	at java.base/java.lang.ClassLoader.defineClass1(Native Method)
	at java.base/java.lang.ClassLoader.defineClass(ClassLoader.java:1026)
	at java.base/java.security.SecureClassLoader.defineClass(SecureClassLoader.java:150)
	at java.base/jdk.internal.loader.BuiltinClassLoader.defineClass(BuiltinClassLoader.java:862)
	at java.base/jdk.internal.loader.BuiltinClassLoader.findClassOnClassPathOrNull(BuiltinClassLoader.java:760)
	at java.base/jdk.internal.loader.BuiltinClassLoader.loadClassOrNull(BuiltinClassLoader.java:681)
	at java.base/jdk.internal.loader.BuiltinClassLoader.loadClass(BuiltinClassLoader.java:639)
	at java.base/jdk.internal.loader.ClassLoaders$AppClassLoader.loadClass(ClassLoaders.java:188)
	at java.base/java.lang.ClassLoader.loadClass(ClassLoader.java:528)
	at java.base/java.lang.Class.getDeclaredFields0(Native Method)
	at java.base/java.lang.Class.privateGetDeclaredFields(Class.java:3545)
	at java.base/java.lang.Class.getDeclaredFields(Class.java:2601)
	at org.junit.platform.commons.util.ReflectionUtils.getDeclaredFields(ReflectionUtils.java:1546)
	at org.junit.platform.commons.util.ReflectionUtils.findAllFieldsInHierarchy(ReflectionUtils.java:1264)
	at org.junit.platform.commons.util.ReflectionUtils.streamFields(ReflectionUtils.java:1256)
	at org.junit.jupiter.engine.descriptor.ExtensionUtils.registerExtensionsFromFields(ExtensionUtils.java:96)
	at org.junit.jupiter.engine.descriptor.ClassBasedTestDescriptor.prepare(ClassBasedTestDescriptor.java:155)
	at org.junit.jupiter.engine.descriptor.ClassBasedTestDescriptor.prepare(ClassBasedTestDescriptor.java:85)
	at org.junit.platform.engine.support.hierarchical.NodeTestTask.lambda$prepare$2(NodeTestTask.java:123)
	at org.junit.platform.engine.support.hierarchical.ThrowableCollector.execute(ThrowableCollector.java:73)
	at org.junit.platform.engine.support.hierarchical.NodeTestTask.prepare(NodeTestTask.java:123)
	at org.junit.platform.engine.support.hierarchical.NodeTestTask.execute(NodeTestTask.java:90)
	at java.base/java.util.ArrayList.forEach(ArrayList.java:1597)
	at org.junit.platform.engine.support.hierarchical.SameThreadHierarchicalTestExecutorService.invokeAll(SameThreadHierarchicalTestExecutorService.java:41)
	at org.junit.platform.engine.support.hierarchical.NodeTestTask.lambda$executeRecursively$6(NodeTestTask.java:155)
	at org.junit.platform.engine.support.hierarchical.ThrowableCollector.execute(ThrowableCollector.java:73)
	at org.junit.platform.engine.support.hierarchical.NodeTestTask.lambda$executeRecursively$8(NodeTestTask.java:141)
	at org.junit.platform.engine.support.hierarchical.Node.around(Node.java:137)
	at org.junit.platform.engine.support.hierarchical.NodeTestTask.lambda$executeRecursively$9(NodeTestTask.java:139)
	at org.junit.platform.engine.support.hierarchical.ThrowableCollector.execute(ThrowableCollector.java:73)
	at org.junit.platform.engine.support.hierarchical.NodeTestTask.executeRecursively(NodeTestTask.java:138)
	at org.junit.platform.engine.support.hierarchical.NodeTestTask.execute(NodeTestTask.java:95)
	at org.junit.platform.engine.support.hierarchical.SameThreadHierarchicalTestExecutorService.submit(SameThreadHierarchicalTestExecutorService.java:35)
	at org.junit.platform.engine.support.hierarchical.HierarchicalTestExecutor.execute(HierarchicalTestExecutor.java:57)
	at org.junit.platform.engine.support.hierarchical.HierarchicalTestEngine.execute(HierarchicalTestEngine.java:54)
	at org.junit.platform.launcher.core.EngineExecutionOrchestrator.execute(EngineExecutionOrchestrator.java:198)
	at org.junit.platform.launcher.core.EngineExecutionOrchestrator.execute(EngineExecutionOrchestrator.java:169)
	at org.junit.platform.launcher.core.EngineExecutionOrchestrator.execute(EngineExecutionOrchestrator.java:93)
	at org.junit.platform.launcher.core.EngineExecutionOrchestrator.lambda$execute$0(EngineExecutionOrchestrator.java:58)
	at org.junit.platform.launcher.core.EngineExecutionOrchestrator.withInterceptedStreams(EngineExecutionOrchestrator.java:141)
	at org.junit.platform.launcher.core.EngineExecutionOrchestrator.execute(EngineExecutionOrchestrator.java:57)
	at org.junit.platform.launcher.core.DefaultLauncher.execute(DefaultLauncher.java:103)
	at org.junit.platform.launcher.core.DefaultLauncher.execute(DefaultLauncher.java:85)
	at org.junit.platform.launcher.core.DelegatingLauncher.execute(DelegatingLauncher.java:47)
	at org.gradle.api.internal.tasks.testing.junitplatform.JUnitPlatformTestClassProcessor$CollectAllTestClassesExecutor.processAllTestClasses(JUnitPlatformTestClassProcessor.java:124)
	at org.gradle.api.internal.tasks.testing.junitplatform.JUnitPlatformTestClassProcessor$CollectAllTestClassesExecutor.access$000(JUnitPlatformTestClassProcessor.java:99)
	at org.gradle.api.internal.tasks.testing.junitplatform.JUnitPlatformTestClassProcessor.stop(JUnitPlatformTestClassProcessor.java:94)
	at org.gradle.api.internal.tasks.testing.SuiteTestClassProcessor.stop(SuiteTestClassProcessor.java:63)
	at java.base/jdk.internal.reflect.DirectMethodHandleAccessor.invoke(DirectMethodHandleAccessor.java:103)
	at java.base/java.lang.reflect.Method.invoke(Method.java:580)
	at org.gradle.internal.dispatch.ReflectionDispatch.dispatch(ReflectionDispatch.java:36)
	at org.gradle.internal.dispatch.ReflectionDispatch.dispatch(ReflectionDispatch.java:24)
	at org.gradle.internal.dispatch.ContextClassLoaderDispatch.dispatch(ContextClassLoaderDispatch.java:33)
	at org.gradle.internal.dispatch.ProxyDispatchAdapter$DispatchingInvocationHandler.invoke(ProxyDispatchAdapter.java:92)
	at jdk.proxy1/jdk.proxy1.$Proxy4.stop(Unknown Source)
	at org.gradle.api.internal.tasks.testing.worker.TestWorker$3.run(TestWorker.java:200)
	at org.gradle.api.internal.tasks.testing.worker.TestWorker.executeAndMaintainThreadName(TestWorker.java:132)
	at org.gradle.api.internal.tasks.testing.worker.TestWorker.execute(TestWorker.java:103)
	at org.gradle.api.internal.tasks.testing.worker.TestWorker.execute(TestWorker.java:63)
	at org.gradle.process.internal.worker.child.ActionExecutionWorker.execute(ActionExecutionWorker.java:56)
	at org.gradle.process.internal.worker.child.SystemApplicationClassLoaderWorker.call(SystemApplicationClassLoaderWorker.java:121)
	at org.gradle.process.internal.worker.child.SystemApplicationClassLoaderWorker.call(SystemApplicationClassLoaderWorker.java:71)
	at worker.org.gradle.process.internal.worker.GradleWorkerMain.run(GradleWorkerMain.java:69)
	at worker.org.gradle.process.internal.worker.GradleWorkerMain.main(GradleWorkerMain.java:74)
Caused by: java.lang.IllegalArgumentException: Unsupported class file major version 67
	at aj.org.objectweb.asm.ClassReader.<init>(ClassReader.java:200)
	at aj.org.objectweb.asm.ClassReader.<init>(ClassReader.java:180)
	at aj.org.objectweb.asm.ClassReader.<init>(ClassReader.java:166)
	at org.aspectj.weaver.bcel.asm.StackMapAdder.addStackMaps(StackMapAdder.java:42)
	at org.aspectj.weaver.bcel.LazyClassGen.getJavaClassBytesIncludingReweavable(LazyClassGen.java:771)
	... 74 more
---- System Properties ---
idea.active=true
java.specification.version=23
sun.cpu.isalist=amd64
sun.jnu.encoding=Cp1251
org.gradle.test.worker=44
java.class.path=C:\\Users\\Arsen\\.gradle\\caches\\8.10.2\\workerMain\\gradle-worker.jar;D:\\qa_guru_hw14\\build\\classes\\java\\test;C:\\Users\\Arsen\\.gradle\\caches\\modules-2\\files-2.1\\com.codeborne\\selenide\\6.19.1\\286edcfef9fbac630b75d8e0220c144e40e6d008\\selenide-6.19.1.jar;C:\\Users\\Arsen\\.gradle\\caches\\modules-2\\files-2.1\\org.junit.jupiter\\junit-jupiter-params\\5.10.3\\4852f4e4af9074d9214213b199751f99efeab8b9\\junit-jupiter-params-5.10.3.jar;C:\\Users\\Arsen\\.gradle\\caches\\modules-2\\files-2.1\\org.junit.jupiter\\junit-jupiter-engine\\5.10.3\\48c14e866bb1a87ca35d24ff068463bb202ada24\\junit-jupiter-engine-5.10.3.jar;C:\\Users\\Arsen\\.gradle\\caches\\modules-2\\files-2.1\\io.qameta.allure\\allure-junit5\\2.29.0\\68b8307150b9da7f5f61f6b80736f39e6d453574\\allure-junit5-2.29.0.jar;C:\\Users\\Arsen\\.gradle\\caches\\modules-2\\files-2.1\\io.qameta.allure\\allure-junit-platform\\2.29.0\\8e6c5904d1c078f47269ee4968825263133e265b\\allure-junit-platform-2.29.0.jar;C:\\Users\\Arsen\\.gradle\\caches\\modules-2\\files-2.1\\org.junit.jupiter\\junit-jupiter-api\\5.10.3\\a22aa91d1d6c69b2020a9aeb6d095ea81132bfa5\\junit-jupiter-api-5.10.3.jar;C:\\Users\\Arsen\\.gradle\\caches\\modules-2\\files-2.1\\org.junit.platform\\junit-platform-launcher\\1.10.3\\2e07e6389624f3e93fb2e87aec2fdc30cc84b069\\junit-platform-launcher-1.10.3.jar;C:\\Users\\Arsen\\.gradle\\caches\\modules-2\\files-2.1\\org.junit.platform\\junit-platform-engine\\1.10.3\\365a320c3cfd47f3346625e541e424e35dc75c42\\junit-platform-engine-1.10.3.jar;C:\\Users\\Arsen\\.gradle\\caches\\modules-2\\files-2.1\\org.junit.platform\\junit-platform-commons\\1.10.3\\a353d42a2f13343a7cb80c5228ae66ff64495481\\junit-platform-commons-1.10.3.jar;C:\\Users\\Arsen\\.gradle\\caches\\modules-2\\files-2.1\\org.junit.jupiter\\junit-jupiter\\5.10.3\\6686d8fbf251f9bf8ecba413cab57b9e00f9134d\\junit-jupiter-5.10.3.jar;C:\\Users\\Arsen\\.gradle\\caches\\modules-2\\files-2.1\\org.slf4j\\slf4j-simple\\2.0.7\\bfa4d4dad645a5b11c022ae0043bac2df6cf16b5\\slf4j-simple-2.0.7.jar;C:\\Users\\Arsen\\.gradle\\caches\\modules-2\\files-2.1\\com.github.javafaker\\javafaker\\1.0.2\\be0ff271b1208416822db4438864df47f90af92f\\javafaker-1.0.2.jar;C:\\Users\\Arsen\\.gradle\\caches\\modules-2\\files-2.1\\io.qameta.allure\\allure-selenide\\2.29.0\\a986d9e88d97c2d3d3e48fae69f91e348a2e372f\\allure-selenide-2.29.0.jar;C:\\Users\\Arsen\\.gradle\\caches\\modules-2\\files-2.1\\com.codeborne\\selenide-core\\6.19.1\\308e55c332289f9d9cfe6e5cd778ab0848721c5b\\selenide-core-6.19.1.jar;C:\\Users\\Arsen\\.gradle\\caches\\modules-2\\files-2.1\\org.seleniumhq.selenium\\selenium-java\\4.13.0\\18cef0adbc08d152da07b234a04f6e8240ce215f\\selenium-java-4.13.0.jar;C:\\Users\\Arsen\\.gradle\\caches\\modules-2\\files-2.1\\org.seleniumhq.selenium\\selenium-chrome-driver\\4.13.0\\490603c4c79f938ffaf30058a675d850d9717265\\selenium-chrome-driver-4.13.0.jar;C:\\Users\\Arsen\\.gradle\\caches\\modules-2\\files-2.1\\org.seleniumhq.selenium\\selenium-devtools-v115\\4.13.0\\76c322f8b51ce2176c1b9aae458e13d18aa51276\\selenium-devtools-v115-4.13.0.jar;C:\\Users\\Arsen\\.gradle\\caches\\modules-2\\files-2.1\\org.seleniumhq.selenium\\selenium-devtools-v116\\4.13.0\\5bb40cd24bcaf9d6015eb6cdf76784506d36c033\\selenium-devtools-v116-4.13.0.jar;C:\\Users\\Arsen\\.gradle\\caches\\modules-2\\files-2.1\\org.seleniumhq.selenium\\selenium-devtools-v117\\4.13.0\\86db93ca74312d7795df726d0412cb350c31f15b\\selenium-devtools-v117-4.13.0.jar;C:\\Users\\Arsen\\.gradle\\caches\\modules-2\\files-2.1\\org.seleniumhq.selenium\\selenium-firefox-driver\\4.13.0\\2f2eb0ff81797444908024dd05b36fe287204cfe\\selenium-firefox-driver-4.13.0.jar;C:\\Users\\Arsen\\.gradle\\caches\\modules-2\\files-2.1\\org.seleniumhq.selenium\\selenium-devtools-v85\\4.13.0\\5469963e082f59946ec627114f7baa2fa5bf81d8\\selenium-devtools-v85-4.13.0.jar;C:\\Users\\Arsen\\.gradle\\caches\\modules-2\\files-2.1\\org.seleniumhq.selenium\\selenium-edge-driver\\4.13.0\\5f818b6057c9a9abc3b4ac9c1b9d5dd5e478d753\\selenium-edge-driver-4.13.0.jar;C:\\Users\\Arsen\\.gradle\\caches\\modules-2\\files-2.1\\org.seleniumhq.selenium\\selenium-ie-driver\\4.13.0\\67137653d0d2e0c4f6ea735c9e57772ed9f5b3f4\\selenium-ie-driver-4.13.0.jar;C:\\Users\\Arsen\\.gradle\\caches\\modules-2\\files-2.1\\org.seleniumhq.selenium\\selenium-safari-driver\\4.13.0\\739a5e2a88b640ee7660779ece1fa0f8cfaa1372\\selenium-safari-driver-4.13.0.jar;C:\\Users\\Arsen\\.gradle\\caches\\modules-2\\files-2.1\\org.seleniumhq.selenium\\selenium-support\\4.13.0\\decde2a7df52ce78132dc6fe6085384327c844f0\\selenium-support-4.13.0.jar;C:\\Users\\Arsen\\.gradle\\caches\\modules-2\\files-2.1\\org.seleniumhq.selenium\\selenium-chromium-driver\\4.13.0\\4ff91ea6a6b7157e44490269664419cc1a008f64\\selenium-chromium-driver-4.13.0.jar;C:\\Users\\Arsen\\.gradle\\caches\\modules-2\\files-2.1\\org.seleniumhq.selenium\\selenium-remote-driver\\4.13.0\\5d9f84d7d51174a54fa507b1418db3b1feddec6a\\selenium-remote-driver-4.13.0.jar;C:\\Users\\Arsen\\.gradle\\caches\\modules-2\\files-2.1\\org.seleniumhq.selenium\\selenium-manager\\4.13.0\\d474cc621720e47e9f00ef7f4fec8cc76643d41b\\selenium-manager-4.13.0.jar;C:\\Users\\Arsen\\.gradle\\caches\\modules-2\\files-2.1\\org.seleniumhq.selenium\\selenium-http\\4.13.0\\351d1c150e47cf863027020fef3b9f4f38a6c99c\\selenium-http-4.13.0.jar;C:\\Users\\Arsen\\.gradle\\caches\\modules-2\\files-2.1\\org.seleniumhq.selenium\\selenium-os\\4.13.0\\91ce811433b76a85ff37e8b3aeaf2b919f4e65ff\\selenium-os-4.13.0.jar;C:\\Users\\Arsen\\.gradle\\caches\\modules-2\\files-2.1\\com.google.guava\\guava\\32.1.3-jre\\f306708742ce2bf0fb0901216183bc14073feae\\guava-32.1.3-jre.jar;C:\\Users\\Arsen\\.gradle\\caches\\modules-2\\files-2.1\\org.apache.commons\\commons-lang3\\3.13.0\\b7263237aa89c1f99b327197c41d0669707a462e\\commons-lang3-3.13.0.jar;C:\\Users\\Arsen\\.gradle\\caches\\modules-2\\files-2.1\\commons-io\\commons-io\\2.14.0\\a4c6e1f6c196339473cd2e1b037f0eb97c62755b\\commons-io-2.14.0.jar;C:\\Users\\Arsen\\.gradle\\caches\\modules-2\\files-2.1\\io.qameta.allure\\allure-test-filter\\2.29.0\\7de6b2c0271f8f67c743cdeabf6129a5cc385f1d\\allure-test-filter-2.29.0.jar;C:\\Users\\Arsen\\.gradle\\caches\\modules-2\\files-2.1\\io.qameta.allure\\allure-java-commons\\2.29.0\\f3ef14fd3e84e3f2c30a150bf8fd6b54372ba6d0\\allure-java-commons-2.29.0.jar;C:\\Users\\Arsen\\.gradle\\caches\\modules-2\\files-2.1\\org.apache.httpcomponents.client5\\httpclient5\\5.2.1\\c900514d3446d9ce5d9dbd90c21192048125440\\httpclient5-5.2.1.jar;C:\\Users\\Arsen\\.gradle\\caches\\modules-2\\files-2.1\\org.slf4j\\slf4j-api\\2.0.13\\80229737f704b121a318bba5d5deacbcf395bc77\\slf4j-api-2.0.13.jar;C:\\Users\\Arsen\\.gradle\\caches\\modules-2\\files-2.1\\org.yaml\\snakeyaml\\1.23\\e8520d52edca3d8dc0f366cff520fb4498ec8a5f\\snakeyaml-1.23-android.jar;C:\\Users\\Arsen\\.gradle\\caches\\modules-2\\files-2.1\\com.github.mifmif\\generex\\1.0.2\\b378f873b4e8d7616c3d920e2132cb1c87679600\\generex-1.0.2.jar;C:\\Users\\Arsen\\.gradle\\caches\\modules-2\\files-2.1\\com.google.guava\\failureaccess\\1.0.1\\1dcf1de382a0bf95a3d8b0849546c88bac1292c9\\failureaccess-1.0.1.jar;C:\\Users\\Arsen\\.gradle\\caches\\modules-2\\files-2.1\\com.google.guava\\listenablefuture\\9999.0-empty-to-avoid-conflict-with-guava\\b421526c5f297295adef1c886e5246c39d4ac629\\listenablefuture-9999.0-empty-to-avoid-conflict-with-guava.jar;C:\\Users\\Arsen\\.gradle\\caches\\modules-2\\files-2.1\\com.google.code.findbugs\\jsr305\\3.0.2\\25ea2e8b0c338a877313bd4672d3fe056ea78f0d\\jsr305-3.0.2.jar;C:\\Users\\Arsen\\.gradle\\caches\\modules-2\\files-2.1\\org.checkerframework\\checker-qual\\3.37.0\\ba74746d38026581c12166e164bb3c15e90cc4ea\\checker-qual-3.37.0.jar;C:\\Users\\Arsen\\.gradle\\caches\\modules-2\\files-2.1\\com.google.errorprone\\error_prone_annotations\\2.21.1\\6d9b10773b5237df178a7b3c1b4208df7d0e7f94\\error_prone_annotations-2.21.1.jar;C:\\Users\\Arsen\\.gradle\\caches\\modules-2\\files-2.1\\org.seleniumhq.selenium\\selenium-json\\4.13.0\\ebab8a0a864a9715df77b8c615d8c41709282924\\selenium-json-4.13.0.jar;C:\\Users\\Arsen\\.gradle\\caches\\modules-2\\files-2.1\\org.seleniumhq.selenium\\selenium-api\\4.13.0\\d0471521e3618fad0afa585103ba9f07c899b3ca\\selenium-api-4.13.0.jar;C:\\Users\\Arsen\\.gradle\\caches\\modules-2\\files-2.1\\org.opentest4j\\opentest4j\\1.3.0\\152ea56b3a72f655d4fd677fc0ef2596c3dd5e6e\\opentest4j-1.3.0.jar;C:\\Users\\Arsen\\.gradle\\caches\\modules-2\\files-2.1\\dk.brics.automaton\\automaton\\1.11-8\\6ebfa65eb431ff4b715a23be7a750cbc4cc96d0f\\automaton-1.11-8.jar;C:\\Users\\Arsen\\.gradle\\caches\\modules-2\\files-2.1\\io.qameta.allure\\allure-model\\2.29.0\\9c3cee5f8a5b9448a647610111a61046604054b9\\allure-model-2.29.0.jar;C:\\Users\\Arsen\\.gradle\\caches\\modules-2\\files-2.1\\com.google.auto.service\\auto-service-annotations\\1.1.1\\da12a15cd058ba90a0ff55357fb521161af4736d\\auto-service-annotations-1.1.1.jar;C:\\Users\\Arsen\\.gradle\\caches\\modules-2\\files-2.1\\org.asynchttpclient\\async-http-client\\2.12.3\\6dfc91814cc8b3bc3327246d0e5df36911b9a623\\async-http-client-2.12.3.jar;C:\\Users\\Arsen\\.gradle\\caches\\modules-2\\files-2.1\\io.netty\\netty-handler-proxy\\4.1.60.Final\\2352f12826400e5db64b36fd951508ce9a61c196\\netty-handler-proxy-4.1.60.Final.jar;C:\\Users\\Arsen\\.gradle\\caches\\modules-2\\files-2.1\\io.netty\\netty-codec-http\\4.1.96.Final\\a4d0d95df5026965c454902ef3d6d84b81f89626\\netty-codec-http-4.1.96.Final.jar;C:\\Users\\Arsen\\.gradle\\caches\\modules-2\\files-2.1\\io.netty\\netty-transport-native-epoll\\4.1.96.Final\\9faf365396c933f1b39b60d129391c6c6c43fb86\\netty-transport-native-epoll-4.1.96.Final.jar;C:\\Users\\Arsen\\.gradle\\caches\\modules-2\\files-2.1\\io.netty\\netty-transport-native-epoll\\4.1.96.Final\\3f8904e072cfc9a8d67c6fe567c39bcbce5c9c55\\netty-transport-native-epoll-4.1.96.Final-linux-x86_64.jar;C:\\Users\\Arsen\\.gradle\\caches\\modules-2\\files-2.1\\io.netty\\netty-transport-classes-epoll\\4.1.96.Final\\b0369501645f6e71f89ff7f77b5c5f52510a2e31\\netty-transport-classes-epoll-4.1.96.Final.jar;C:\\Users\\Arsen\\.gradle\\caches\\modules-2\\files-2.1\\io.netty\\netty-transport-native-kqueue\\4.1.96.Final\\2721cf6fe8752168dafdd4187ae097e6cf9dd9f5\\netty-transport-native-kqueue-4.1.96.Final.jar;C:\\Users\\Arsen\\.gradle\\caches\\modules-2\\files-2.1\\io.netty\\netty-transport-native-kqueue\\4.1.96.Final\\c127ed313fc80cf2cb366dccfded1daddc89a8ef\\netty-transport-native-kqueue-4.1.96.Final-osx-x86_64.jar;C:\\Users\\Arsen\\.gradle\\caches\\modules-2\\files-2.1\\io.netty\\netty-transport-classes-kqueue\\4.1.96.Final\\782f6bbb8dd5401599d272ea0fb81d1356bdffb2\\netty-transport-classes-kqueue-4.1.96.Final.jar;C:\\Users\\Arsen\\.gradle\\caches\\modules-2\\files-2.1\\com.typesafe.netty\\netty-reactive-streams\\2.0.4\\f77c8eaa7d5e2f2160b6d21ba385cf726f164b2\\netty-reactive-streams-2.0.4.jar;C:\\Users\\Arsen\\.gradle\\caches\\modules-2\\files-2.1\\io.netty\\netty-handler\\4.1.96.Final\\7840d7523d709e02961b647546f9d9dde1699306\\netty-handler-4.1.96.Final.jar;C:\\Users\\Arsen\\.gradle\\caches\\modules-2\\files-2.1\\io.netty\\netty-transport-native-unix-common\\4.1.96.Final\\daf8578cade63a01525ee9d70371fa78e6e91094\\netty-transport-native-unix-common-4.1.96.Final.jar;C:\\Users\\Arsen\\.gradle\\caches\\modules-2\\files-2.1\\io.netty\\netty-codec-socks\\4.1.60.Final\\6f4573281df659265bd709fd10471c3e00ef6c70\\netty-codec-socks-4.1.60.Final.jar;C:\\Users\\Arsen\\.gradle\\caches\\modules-2\\files-2.1\\io.netty\\netty-codec\\4.1.96.Final\\9cfe430f8b14e7ba86969d8e1126aa0aae4d18f0\\netty-codec-4.1.96.Final.jar;C:\\Users\\Arsen\\.gradle\\caches\\modules-2\\files-2.1\\io.netty\\netty-transport\\4.1.96.Final\\dbd15ca244be28e1a98ed29b9d755edbfa737e02\\netty-transport-4.1.96.Final.jar;C:\\Users\\Arsen\\.gradle\\caches\\modules-2\\files-2.1\\org.asynchttpclient\\async-http-client-netty-utils\\2.12.3\\ad99d8622931ed31367d0fef7fa17eb62e033fb3\\async-http-client-netty-utils-2.12.3.jar;C:\\Users\\Arsen\\.gradle\\caches\\modules-2\\files-2.1\\io.netty\\netty-buffer\\4.1.96.Final\\4b80fffbe77485b457bf844289bf1801f61b9e91\\netty-buffer-4.1.96.Final.jar;C:\\Users\\Arsen\\.gradle\\caches\\modules-2\\files-2.1\\io.netty\\netty-resolver\\4.1.96.Final\\e51db5568a881e0f9b013b35617c597dc32f130\\netty-resolver-4.1.96.Final.jar;C:\\Users\\Arsen\\.gradle\\caches\\modules-2\\files-2.1\\io.netty\\netty-common\\4.1.96.Final\\d10c167623cbc471753f950846df241d1021655c\\netty-common-4.1.96.Final.jar;C:\\Users\\Arsen\\.gradle\\caches\\modules-2\\files-2.1\\io.opentelemetry\\opentelemetry-exporter-logging\\1.28.0\\e6721fd80fe703a9bbaf8fcdf269aa878a2fa963\\opentelemetry-exporter-logging-1.28.0.jar;C:\\Users\\Arsen\\.gradle\\caches\\modules-2\\files-2.1\\io.opentelemetry\\opentelemetry-sdk-extension-autoconfigure\\1.28.0\\6db66c77ca29a8d05227324a8392b736744bbe3f\\opentelemetry-sdk-extension-autoconfigure-1.28.0.jar;C:\\Users\\Arsen\\.gradle\\caches\\modules-2\\files-2.1\\io.opentelemetry\\opentelemetry-sdk-extension-autoconfigure-spi\\1.28.0\\582ce034be1262aac6d77b92ec2d6cf4884cee4d\\opentelemetry-sdk-extension-autoconfigure-spi-1.28.0.jar;C:\\Users\\Arsen\\.gradle\\caches\\modules-2\\files-2.1\\io.opentelemetry\\opentelemetry-sdk\\1.28.0\\a1ca3938a03e5bb0749dc92da91edf76f6ee3b7f\\opentelemetry-sdk-1.28.0.jar;C:\\Users\\Arsen\\.gradle\\caches\\modules-2\\files-2.1\\io.opentelemetry\\opentelemetry-sdk-trace\\1.28.0\\18797986d45940d873430023280211d6990680c\\opentelemetry-sdk-trace-1.28.0.jar;C:\\Users\\Arsen\\.gradle\\caches\\modules-2\\files-2.1\\io.opentelemetry\\opentelemetry-sdk-metrics\\1.28.0\\4d955fb6c2ec89b4f55d88d7aed4dd9c36809235\\opentelemetry-sdk-metrics-1.28.0.jar;C:\\Users\\Arsen\\.gradle\\caches\\modules-2\\files-2.1\\io.opentelemetry\\opentelemetry-sdk-logs\\1.28.0\\adcd0bc96bc77152a15b3b8890bd8a04dd0bf36b\\opentelemetry-sdk-logs-1.28.0.jar;C:\\Users\\Arsen\\.gradle\\caches\\modules-2\\files-2.1\\io.opentelemetry\\opentelemetry-sdk-common\\1.28.0\\b25e52ef6829bb41db3227d8fcc206009b018f40\\opentelemetry-sdk-common-1.28.0.jar;C:\\Users\\Arsen\\.gradle\\caches\\modules-2\\files-2.1\\io.opentelemetry\\opentelemetry-semconv\\1.28.0-alpha\\97336840db7cb0ef7e5d292f7cec5bdb385cc370\\opentelemetry-semconv-1.28.0-alpha.jar;C:\\Users\\Arsen\\.gradle\\caches\\modules-2\\files-2.1\\io.opentelemetry\\opentelemetry-api-events\\1.28.0-alpha\\c663155d53746308c8d2e37121b990c3a8de8d58\\opentelemetry-api-events-1.28.0-alpha.jar;C:\\Users\\Arsen\\.gradle\\caches\\modules-2\\files-2.1\\io.opentelemetry\\opentelemetry-extension-incubator\\1.28.0-alpha\\ad51d2ab228f522448afb90503ce005ce4a4f2ac\\opentelemetry-extension-incubator-1.28.0-alpha.jar;C:\\Users\\Arsen\\.gradle\\caches\\modules-2\\files-2.1\\io.opentelemetry\\opentelemetry-api\\1.28.0\\ebdea4fbe23c3929f1702b176d2cd63ac6288f0\\opentelemetry-api-1.28.0.jar;C:\\Users\\Arsen\\.gradle\\caches\\modules-2\\files-2.1\\io.opentelemetry\\opentelemetry-context\\1.28.0\\468c460d80c5a6e0fdddd3c1a83148b316571c22\\opentelemetry-context-1.28.0.jar;C:\\Users\\Arsen\\.gradle\\caches\\modules-2\\files-2.1\\net.bytebuddy\\byte-buddy\\1.14.5\\28a424c0c4f362568e904d992c239c996cf7adc7\\byte-buddy-1.14.5.jar;C:\\Users\\Arsen\\.gradle\\caches\\modules-2\\files-2.1\\org.apache.httpcomponents.core5\\httpcore5-h2\\5.2\\698bd8c759ccc7fd7398f3179ff45d0e5a7ccc16\\httpcore5-h2-5.2.jar;C:\\Users\\Arsen\\.gradle\\caches\\modules-2\\files-2.1\\org.apache.httpcomponents.core5\\httpcore5\\5.2\\ab7d251b8dfa3f2878f1eefbcca0e1fc0ebeba27\\httpcore5-5.2.jar;C:\\Users\\Arsen\\.gradle\\caches\\modules-2\\files-2.1\\dev.failsafe\\failsafe\\3.3.2\\738a986f1f0e4b6c6a49d351dddc772d1378c5a8\\failsafe-3.3.2.jar;C:\\Users\\Arsen\\.gradle\\caches\\modules-2\\files-2.1\\org.reactivestreams\\reactive-streams\\1.0.3\\d9fb7a7926ffa635b3dcaa5049fb2bfa25b3e7d0\\reactive-streams-1.0.3.jar;C:\\Users\\Arsen\\.gradle\\caches\\modules-2\\files-2.1\\com.sun.activation\\jakarta.activation\\1.2.2\\74548703f9851017ce2f556066659438019e7eb5\\jakarta.activation-1.2.2.jar;C:\\Users\\Arsen\\.gradle\\caches\\modules-2\\files-2.1\\org.apache.commons\\commons-exec\\1.3\\8dfb9facd0830a27b1b5f29f84593f0aeee7773b\\commons-exec-1.3.jar
java.vm.vendor=Oracle Corporation
idea.vendor.name=JetBrains
sun.arch.data.model=64
user.variant=
java.vendor.url=https://java.oracle.com/
user.timezone=Europe/Moscow
java.vm.specification.version=23
os.name=Windows 10
sun.java.launcher=SUN_STANDARD
user.country=RU
sun.boot.library.path=C:\Users\Arsen\.jdks\openjdk-23.0.1\bin;C:\Users\Arsen\.jdks\openjdk-23.0.1\bin
sun.java.command=worker.org.gradle.process.internal.worker.GradleWorkerMain 'Gradle Test Executor 44'
jdk.debug=release
allure.results.directory=D:\qa_guru_hw14\build\allure-results
sun.cpu.endian=little
user.home=C:\Users\Arsen
user.language=ru
java.specification.vendor=Oracle Corporation
java.version.date=2024-10-15
java.home=C:\Users\Arsen\.jdks\openjdk-23.0.1
file.separator=\
java.vm.compressedOopsMode=32-bit
line.separator=

java.vm.specification.vendor=Oracle Corporation
java.specification.name=Java Platform API Specification
user.script=
sun.management.compiler=HotSpot 64-Bit Tiered Compilers
java.runtime.version=23.0.1+11-39
user.name=Arsen
stdout.encoding=Cp1251
path.separator=;
os.version=10.0
java.runtime.name=OpenJDK Runtime Environment
file.encoding=UTF-8
java.vm.name=OpenJDK 64-Bit Server VM
java.vendor.url.bug=https://bugreport.java.com/bugreport/
java.io.tmpdir=C:\Users\Arsen\AppData\Local\Temp\
idea.version=2024.2.5
java.version=23.0.1
user.dir=D:\qa_guru_hw14
os.arch=amd64
java.vm.specification.name=Java Virtual Machine Specification
org.gradle.internal.worker.tmpdir=D:\qa_guru_hw14\build\tmp\bi_test\work
sun.os.patch.level=
native.encoding=Cp1251
java.library.path=C:\Users\Arsen\.jdks\openjdk-23.0.1\bin;C:\Windows\Sun\Java\bin;C:\Windows\system32;C:\Windows;C:\Program Files\Common Files\Oracle\Java\javapath;C:\Windows\system32;C:\Windows;C:\Windows\System32\Wbem;C:\Windows\System32\WindowsPowerShell\v1.0\;C:\Windows\System32\OpenSSH\;C:\Program Files\dotnet\;C:\Program Files (x86)\NVIDIA Corporation\PhysX\Common;C:\Gradle\bin;C:\Program Files\Git\cmd;C:\Program Files\NVIDIA Corporation\NVIDIA app\NvDLISR;C:\Program Files\PuTTY\;C:\Users\Arsen\scoop\shims;C:\Users\Arsen\AppData\Local\Microsoft\WindowsApps;;C:\Program Files\JetBrains\IntelliJ IDEA Community Edition 2024.2.4\bin;;.
junit.jupiter.extensions.autodetection.enabled=true
java.vm.info=mixed mode, sharing
java.vendor=Oracle Corporation
stderr.encoding=Cp1251
java.vm.version=23.0.1+11-39
sun.io.unicode.encoding=UnicodeLittle
library.jansi.path=C:\Users\Arsen\.gradle\native\jansi\1.18\windows64
java.class.version=67.0
---- Command Line ---
Empty
---- Full Classpath ---
Empty
---- Compiler Messages ---
Empty
